<?xml version="1.0" encoding="UTF-8"?>
<!-- Generated by org.testng.reporters.JUnitXMLReporter -->
<testsuite hostname="VINODSINGARAM" ignored="0" name="Default test" tests="4" failures="0" timestamp="17 May 2022 04:19:07 GMT" time="17.654" errors="0">
  <testcase name="verifylogin" time="5.306" classname="May16.Dataprovider"/>
  <testcase name="verifylogin" time="1.304" classname="May16.Dataprovider"/>
  <testcase name="verifylogin" time="1.483" classname="May16.Dataprovider"/>
  <testcase name="verifylogin" time="1.562" classname="May16.Dataprovider"/>
</testsuite> <!-- Default test -->
