<?xml version="1.0" encoding="UTF-8"?>
<testng-results skipped="0" failed="0" ignored="0" total="4" passed="4">
  <reporter-output>
  </reporter-output>
  <suite name="Default suite" duration-ms="17654" started-at="2022-05-17T04:18:50Z" finished-at="2022-05-17T04:19:07Z">
    <groups>
    </groups>
    <test name="Default test" duration-ms="17654" started-at="2022-05-17T04:18:50Z" finished-at="2022-05-17T04:19:07Z">
      <class name="May16.Dataprovider">
        <test-method status="PASS" signature="setup()[pri:0, instance:May16.Dataprovider@28d25987]" name="setup" is-config="true" duration-ms="7953" started-at="2022-05-17T09:48:50Z" finished-at="2022-05-17T09:48:58Z">
          <reporter-output>
          </reporter-output>
        </test-method> <!-- setup -->
        <test-method status="PASS" signature="verifylogin(java.lang.String, java.lang.String)[pri:0, instance:May16.Dataprovider@28d25987]" name="verifylogin" duration-ms="5306" started-at="2022-05-17T09:48:58Z" data-provider="supplydata" finished-at="2022-05-17T09:49:03Z">
          <params>
            <param index="0">
              <value>
                <![CDATA[Admin]]>
              </value>
            </param>
            <param index="1">
              <value>
                <![CDATA[Qedge123!@#]]>
              </value>
            </param>
          </params>
          <reporter-output>
          </reporter-output>
        </test-method> <!-- verifylogin -->
        <test-method status="PASS" signature="verifylogin(java.lang.String, java.lang.String)[pri:0, instance:May16.Dataprovider@28d25987]" name="verifylogin" duration-ms="1304" started-at="2022-05-17T09:49:03Z" data-provider="supplydata" finished-at="2022-05-17T09:49:04Z">
          <params>
            <param index="0">
              <value>
                <![CDATA[Admin]]>
              </value>
            </param>
            <param index="1">
              <value>
                <![CDATA[Qedge]]>
              </value>
            </param>
          </params>
          <reporter-output>
          </reporter-output>
        </test-method> <!-- verifylogin -->
        <test-method status="PASS" signature="verifylogin(java.lang.String, java.lang.String)[pri:0, instance:May16.Dataprovider@28d25987]" name="verifylogin" duration-ms="1483" started-at="2022-05-17T09:49:04Z" data-provider="supplydata" finished-at="2022-05-17T09:49:06Z">
          <params>
            <param index="0">
              <value>
                <![CDATA[admin]]>
              </value>
            </param>
            <param index="1">
              <value>
                <![CDATA[Qedge123!@#]]>
              </value>
            </param>
          </params>
          <reporter-output>
          </reporter-output>
        </test-method> <!-- verifylogin -->
        <test-method status="PASS" signature="verifylogin(java.lang.String, java.lang.String)[pri:0, instance:May16.Dataprovider@28d25987]" name="verifylogin" duration-ms="1562" started-at="2022-05-17T09:49:06Z" data-provider="supplydata" finished-at="2022-05-17T09:49:07Z">
          <params>
            <param index="0">
              <value>
                <![CDATA[Admin]]>
              </value>
            </param>
            <param index="1">
              <value>
                <![CDATA[Qedge123!@#]]>
              </value>
            </param>
          </params>
          <reporter-output>
          </reporter-output>
        </test-method> <!-- verifylogin -->
        <test-method status="PASS" signature="afterTest()[pri:0, instance:May16.Dataprovider@28d25987]" name="afterTest" is-config="true" duration-ms="0" started-at="2022-05-17T09:49:07Z" finished-at="2022-05-17T09:49:07Z">
          <reporter-output>
          </reporter-output>
        </test-method> <!-- afterTest -->
      </class> <!-- May16.Dataprovider -->
    </test> <!-- Default test -->
  </suite> <!-- Default suite -->
</testng-results>
